<?xml version="1.0" encoding="UTF-8"?>
<coverage generated="1728648822889" clover="3.2.0">
  <project timestamp="1728648822889" name="All files">
    <metrics statements="14" coveredstatements="11" conditionals="1" coveredconditionals="1" methods="2" coveredmethods="1" elements="17" coveredelements="13" complexity="0" loc="14" ncloc="14" packages="1" files="1" classes="1"/>
    <file name="Logout.jsx" path="/Users/uidesign/Documents/problem/todo-list-testing/client/src/Components/Logout.jsx">
      <metrics statements="14" coveredstatements="11" conditionals="1" coveredconditionals="1" methods="2" coveredmethods="1"/>
      <line num="1" count="1" type="stmt"/>
      <line num="2" count="1" type="stmt"/>
      <line num="3" count="1" type="cond" truecount="1" falsecount="0"/>
      <line num="4" count="1" type="stmt"/>
      <line num="5" count="1" type="stmt"/>
      <line num="6" count="0" type="stmt"/>
      <line num="7" count="0" type="stmt"/>
      <line num="8" count="0" type="stmt"/>
      <line num="9" count="1" type="stmt"/>
      <line num="10" count="1" type="stmt"/>
      <line num="11" count="1" type="stmt"/>
      <line num="12" count="1" type="stmt"/>
      <line num="13" count="1" type="stmt"/>
      <line num="15" count="1" type="stmt"/>
    </file>
  </project>
</coverage>
