{"/Users/uidesign/Documents/problem/todo-list-testing/client/src/Pages/SignUp.jsx": {"path":"/Users/uidesign/Documents/problem/todo-list-testing/client/src/Pages/SignUp.jsx","all":false,"statementMap":{"0":{"start":{"line":1,"column":0},"end":{"line":1,"column":22}},"1":{"start":{"line":2,"column":0},"end":{"line":2,"column":56}},"2":{"start":{"line":3,"column":0},"end":{"line":3,"column":42}},"3":{"start":{"line":4,"column":0},"end":{"line":4,"column":50}},"4":{"start":{"line":5,"column":0},"end":{"line":5,"column":39}},"6":{"start":{"line":7,"column":0},"end":{"line":7,"column":34}},"7":{"start":{"line":8,"column":0},"end":{"line":8,"column":65}},"8":{"start":{"line":9,"column":0},"end":{"line":9,"column":33}},"9":{"start":{"line":10,"column":0},"end":{"line":10,"column":31}},"10":{"start":{"line":11,"column":0},"end":{"line":11,"column":33}},"14":{"start":{"line":15,"column":0},"end":{"line":15,"column":29}},"15":{"start":{"line":16,"column":0},"end":{"line":16,"column":44}},"16":{"start":{"line":17,"column":0},"end":{"line":17,"column":44}},"17":{"start":{"line":18,"column":0},"end":{"line":18,"column":18}},"18":{"start":{"line":19,"column":0},"end":{"line":19,"column":22}},"19":{"start":{"line":20,"column":0},"end":{"line":20,"column":4}},"20":{"start":{"line":21,"column":0},"end":{"line":21,"column":43}},"21":{"start":{"line":22,"column":0},"end":{"line":22,"column":57}},"22":{"start":{"line":23,"column":0},"end":{"line":23,"column":37}},"23":{"start":{"line":24,"column":0},"end":{"line":24,"column":50}},"24":{"start":{"line":25,"column":0},"end":{"line":25,"column":59}},"25":{"start":{"line":26,"column":0},"end":{"line":26,"column":62}},"26":{"start":{"line":27,"column":0},"end":{"line":27,"column":18}},"27":{"start":{"line":28,"column":0},"end":{"line":28,"column":31}},"28":{"start":{"line":29,"column":0},"end":{"line":29,"column":4}},"29":{"start":{"line":30,"column":0},"end":{"line":30,"column":40}},"30":{"start":{"line":31,"column":0},"end":{"line":31,"column":49}},"31":{"start":{"line":32,"column":0},"end":{"line":32,"column":4}},"32":{"start":{"line":33,"column":0},"end":{"line":33,"column":10}},"33":{"start":{"line":34,"column":0},"end":{"line":34,"column":9}},"34":{"start":{"line":35,"column":0},"end":{"line":35,"column":49}},"35":{"start":{"line":36,"column":0},"end":{"line":36,"column":11}},"36":{"start":{"line":37,"column":0},"end":{"line":37,"column":41}},"37":{"start":{"line":38,"column":0},"end":{"line":38,"column":44}},"38":{"start":{"line":39,"column":0},"end":{"line":39,"column":18}},"40":{"start":{"line":41,"column":0},"end":{"line":41,"column":37}},"41":{"start":{"line":42,"column":0},"end":{"line":42,"column":22}},"42":{"start":{"line":43,"column":0},"end":{"line":43,"column":26}},"43":{"start":{"line":44,"column":0},"end":{"line":44,"column":41}},"44":{"start":{"line":45,"column":0},"end":{"line":45,"column":39}},"45":{"start":{"line":46,"column":0},"end":{"line":46,"column":30}},"46":{"start":{"line":47,"column":0},"end":{"line":47,"column":12}},"47":{"start":{"line":48,"column":0},"end":{"line":48,"column":14}},"48":{"start":{"line":49,"column":0},"end":{"line":49,"column":36}},"49":{"start":{"line":50,"column":0},"end":{"line":50,"column":48}},"50":{"start":{"line":51,"column":0},"end":{"line":51,"column":16}},"51":{"start":{"line":52,"column":0},"end":{"line":52,"column":36}},"52":{"start":{"line":53,"column":0},"end":{"line":53,"column":39}},"53":{"start":{"line":54,"column":0},"end":{"line":54,"column":34}},"54":{"start":{"line":55,"column":0},"end":{"line":55,"column":25}},"56":{"start":{"line":57,"column":0},"end":{"line":57,"column":28}},"57":{"start":{"line":58,"column":0},"end":{"line":58,"column":44}},"58":{"start":{"line":59,"column":0},"end":{"line":59,"column":16}},"59":{"start":{"line":60,"column":0},"end":{"line":60,"column":15}},"60":{"start":{"line":61,"column":0},"end":{"line":61,"column":12}},"61":{"start":{"line":62,"column":0},"end":{"line":62,"column":36}},"62":{"start":{"line":63,"column":0},"end":{"line":63,"column":66}},"64":{"start":{"line":65,"column":0},"end":{"line":65,"column":14}},"65":{"start":{"line":66,"column":0},"end":{"line":66,"column":36}},"66":{"start":{"line":67,"column":0},"end":{"line":67,"column":50}},"67":{"start":{"line":68,"column":0},"end":{"line":68,"column":16}},"68":{"start":{"line":69,"column":0},"end":{"line":69,"column":40}},"69":{"start":{"line":70,"column":0},"end":{"line":70,"column":24}},"70":{"start":{"line":71,"column":0},"end":{"line":71,"column":35}},"71":{"start":{"line":72,"column":0},"end":{"line":72,"column":24}},"72":{"start":{"line":73,"column":0},"end":{"line":73,"column":67}},"73":{"start":{"line":74,"column":0},"end":{"line":74,"column":41}},"74":{"start":{"line":75,"column":0},"end":{"line":75,"column":16}},"76":{"start":{"line":77,"column":0},"end":{"line":77,"column":25}},"77":{"start":{"line":78,"column":0},"end":{"line":78,"column":28}},"78":{"start":{"line":79,"column":0},"end":{"line":79,"column":45}},"79":{"start":{"line":80,"column":0},"end":{"line":80,"column":16}},"80":{"start":{"line":81,"column":0},"end":{"line":81,"column":15}},"81":{"start":{"line":82,"column":0},"end":{"line":82,"column":12}},"82":{"start":{"line":83,"column":0},"end":{"line":83,"column":14}},"83":{"start":{"line":84,"column":0},"end":{"line":84,"column":35}},"84":{"start":{"line":85,"column":0},"end":{"line":85,"column":65}},"86":{"start":{"line":87,"column":0},"end":{"line":87,"column":36}},"87":{"start":{"line":88,"column":0},"end":{"line":88,"column":56}},"88":{"start":{"line":89,"column":0},"end":{"line":89,"column":16}},"89":{"start":{"line":90,"column":0},"end":{"line":90,"column":43}},"90":{"start":{"line":91,"column":0},"end":{"line":91,"column":27}},"91":{"start":{"line":92,"column":0},"end":{"line":92,"column":38}},"92":{"start":{"line":93,"column":0},"end":{"line":93,"column":25}},"93":{"start":{"line":94,"column":0},"end":{"line":94,"column":28}},"94":{"start":{"line":95,"column":0},"end":{"line":95,"column":48}},"95":{"start":{"line":96,"column":0},"end":{"line":96,"column":16}},"96":{"start":{"line":97,"column":0},"end":{"line":97,"column":26}},"97":{"start":{"line":98,"column":0},"end":{"line":98,"column":25}},"98":{"start":{"line":99,"column":0},"end":{"line":99,"column":69}},"99":{"start":{"line":100,"column":0},"end":{"line":100,"column":16}},"100":{"start":{"line":101,"column":0},"end":{"line":101,"column":15}},"101":{"start":{"line":102,"column":0},"end":{"line":102,"column":12}},"102":{"start":{"line":103,"column":0},"end":{"line":103,"column":40}},"103":{"start":{"line":104,"column":0},"end":{"line":104,"column":70}},"105":{"start":{"line":106,"column":0},"end":{"line":106,"column":14}},"106":{"start":{"line":107,"column":0},"end":{"line":107,"column":36}},"107":{"start":{"line":108,"column":0},"end":{"line":108,"column":72}},"108":{"start":{"line":109,"column":0},"end":{"line":109,"column":16}},"109":{"start":{"line":110,"column":0},"end":{"line":110,"column":45}},"110":{"start":{"line":111,"column":0},"end":{"line":111,"column":27}},"111":{"start":{"line":112,"column":0},"end":{"line":112,"column":45}},"112":{"start":{"line":113,"column":0},"end":{"line":113,"column":25}},"113":{"start":{"line":114,"column":0},"end":{"line":114,"column":28}},"114":{"start":{"line":115,"column":0},"end":{"line":115,"column":49}},"115":{"start":{"line":116,"column":0},"end":{"line":116,"column":16}},"116":{"start":{"line":117,"column":0},"end":{"line":117,"column":34}},"117":{"start":{"line":118,"column":0},"end":{"line":118,"column":48}},"118":{"start":{"line":119,"column":0},"end":{"line":119,"column":50}},"119":{"start":{"line":120,"column":0},"end":{"line":120,"column":17}},"120":{"start":{"line":121,"column":0},"end":{"line":121,"column":16}},"121":{"start":{"line":122,"column":0},"end":{"line":122,"column":15}},"122":{"start":{"line":123,"column":0},"end":{"line":123,"column":12}},"123":{"start":{"line":124,"column":0},"end":{"line":124,"column":47}},"124":{"start":{"line":125,"column":0},"end":{"line":125,"column":77}},"126":{"start":{"line":127,"column":0},"end":{"line":127,"column":14}},"127":{"start":{"line":128,"column":0},"end":{"line":128,"column":69}},"129":{"start":{"line":130,"column":0},"end":{"line":130,"column":17}},"130":{"start":{"line":131,"column":0},"end":{"line":131,"column":40}},"131":{"start":{"line":132,"column":0},"end":{"line":132,"column":70}},"132":{"start":{"line":133,"column":0},"end":{"line":133,"column":14}},"133":{"start":{"line":134,"column":0},"end":{"line":134,"column":13}},"134":{"start":{"line":135,"column":0},"end":{"line":135,"column":10}},"136":{"start":{"line":137,"column":0},"end":{"line":137,"column":1}}},"s":{"0":1,"1":1,"2":1,"3":1,"4":1,"6":43,"7":43,"8":43,"9":43,"10":43,"14":2,"15":2,"16":2,"17":2,"18":2,"19":2,"20":43,"21":0,"22":0,"23":0,"24":0,"25":0,"26":0,"27":0,"28":0,"29":43,"30":0,"31":0,"32":43,"33":43,"34":43,"35":43,"36":43,"37":43,"38":43,"40":43,"41":43,"42":43,"43":43,"44":43,"45":43,"46":43,"47":43,"48":43,"49":43,"50":43,"51":43,"52":43,"53":43,"54":43,"56":43,"57":43,"58":43,"59":43,"60":43,"61":43,"62":2,"64":43,"65":43,"66":43,"67":43,"68":43,"69":43,"70":43,"71":43,"72":43,"73":43,"74":43,"76":43,"77":43,"78":43,"79":43,"80":43,"81":43,"82":43,"83":43,"84":10,"86":43,"87":43,"88":43,"89":43,"90":43,"91":43,"92":43,"93":43,"94":43,"95":43,"96":43,"97":43,"98":43,"99":43,"100":43,"101":43,"102":43,"103":26,"105":43,"106":43,"107":43,"108":43,"109":43,"110":43,"111":43,"112":43,"113":43,"114":43,"115":43,"116":43,"117":25,"118":22,"119":22,"120":25,"121":43,"122":43,"123":43,"124":37,"126":43,"127":43,"129":43,"130":43,"131":43,"132":43,"133":43,"134":43,"136":43},"branchMap":{"0":{"type":"branch","line":7,"loc":{"start":{"line":7,"column":0},"end":{"line":137,"column":1}},"locations":[{"start":{"line":7,"column":0},"end":{"line":137,"column":1}}]},"1":{"type":"branch","line":62,"loc":{"start":{"line":62,"column":18},"end":{"line":62,"column":36}},"locations":[{"start":{"line":62,"column":18},"end":{"line":62,"column":36}}]},"2":{"type":"branch","line":62,"loc":{"start":{"line":62,"column":24},"end":{"line":63,"column":66}},"locations":[{"start":{"line":62,"column":24},"end":{"line":63,"column":66}}]},"3":{"type":"branch","line":84,"loc":{"start":{"line":84,"column":16},"end":{"line":84,"column":35}},"locations":[{"start":{"line":84,"column":16},"end":{"line":84,"column":35}}]},"4":{"type":"branch","line":84,"loc":{"start":{"line":84,"column":23},"end":{"line":85,"column":65}},"locations":[{"start":{"line":84,"column":23},"end":{"line":85,"column":65}}]},"5":{"type":"branch","line":103,"loc":{"start":{"line":103,"column":18},"end":{"line":103,"column":40}},"locations":[{"start":{"line":103,"column":18},"end":{"line":103,"column":40}}]},"6":{"type":"branch","line":103,"loc":{"start":{"line":103,"column":28},"end":{"line":104,"column":70}},"locations":[{"start":{"line":103,"column":28},"end":{"line":104,"column":70}}]},"7":{"type":"branch","line":124,"loc":{"start":{"line":124,"column":18},"end":{"line":124,"column":47}},"locations":[{"start":{"line":124,"column":18},"end":{"line":124,"column":47}}]},"8":{"type":"branch","line":124,"loc":{"start":{"line":124,"column":35},"end":{"line":125,"column":77}},"locations":[{"start":{"line":124,"column":35},"end":{"line":125,"column":77}}]},"9":{"type":"branch","line":11,"loc":{"start":{"line":11,"column":22},"end":{"line":20,"column":4}},"locations":[{"start":{"line":11,"column":22},"end":{"line":20,"column":4}}]},"10":{"type":"branch","line":117,"loc":{"start":{"line":117,"column":24},"end":{"line":121,"column":16}},"locations":[{"start":{"line":117,"column":24},"end":{"line":121,"column":16}}]},"11":{"type":"branch","line":118,"loc":{"start":{"line":118,"column":47},"end":{"line":120,"column":17}},"locations":[{"start":{"line":118,"column":47},"end":{"line":120,"column":17}}]}},"b":{"0":[43],"1":[2],"2":[2],"3":[10],"4":[10],"5":[26],"6":[26],"7":[37],"8":[37],"9":[2],"10":[25],"11":[22]},"fnMap":{"0":{"name":"SignUp","decl":{"start":{"line":7,"column":0},"end":{"line":137,"column":1}},"loc":{"start":{"line":7,"column":0},"end":{"line":137,"column":1}},"line":7},"1":{"name":"onsubmitFtn","decl":{"start":{"line":11,"column":22},"end":{"line":20,"column":4}},"loc":{"start":{"line":11,"column":22},"end":{"line":20,"column":4}},"line":11},"2":{"name":"handleGoogleLogin","decl":{"start":{"line":21,"column":28},"end":{"line":29,"column":4}},"loc":{"start":{"line":21,"column":28},"end":{"line":29,"column":4}},"line":21},"3":{"name":"handleGoogleError","decl":{"start":{"line":30,"column":28},"end":{"line":32,"column":4}},"loc":{"start":{"line":30,"column":28},"end":{"line":32,"column":4}},"line":30},"4":{"name":"validate","decl":{"start":{"line":117,"column":24},"end":{"line":121,"column":16}},"loc":{"start":{"line":117,"column":24},"end":{"line":121,"column":16}},"line":117}},"f":{"0":43,"1":2,"2":0,"3":0,"4":25}}
}
